Build started 2/8/2012 1:56:24 PM.
     1>Project "C:\Users\Johannes\Mos\Mistaballista\Mistaballista.vcxproj" on node 2 (build target(s)).
     1>InitializeBuildStatus:
         Creating "Debug\Mistaballista.unsuccessfulbuild" because "AlwaysCreate" was specified.
       ClCompile:
         c:\Program Files\Microsoft Visual Studio 10.0\VC\bin\CL.exe /c /ZI /nologo /W3 /WX- /Od /Oy- /D _MBCS /Gm /EHsc /RTC1 /MDd /GS /fp:precise /Zc:wchar_t /Zc:forScope /Fo"Debug\\" /Fd"Debug\vc100.pdb" /Gd /TP /analyze- /errorReport:prompt force.cpp functions.cpp main.cpp
         main.cpp
         functions.cpp
     1>c:\users\johannes\mos\mistaballista\functions.cpp(19): error C3861: 'kraft': identifier not found
     1>c:\users\johannes\mos\mistaballista\functions.cpp(27): fatal error C1004: unexpected end-of-file found
         force.cpp
     1>c:\users\johannes\mos\mistaballista\force.cpp(1): fatal error C1083: Cannot open include file: 'math': No such file or directory
         Generating Code...
     1>Done Building Project "C:\Users\Johannes\Mos\Mistaballista\Mistaballista.vcxproj" (build target(s)) -- FAILED.

Build FAILED.

Time Elapsed 00:00:02.13
